<?xml version="1.0" encoding="utf-8"?><testsuites name="pytest tests"><testsuite name="pytest" errors="0" failures="0" skipped="0" tests="7" time="1.676" timestamp="2026-08-15T04:23:40.170847+00:00" hostname="agent-env-4e7a885e-7dcb-44c5-8974-9071f4e90781"><testcase classname="tests.test_nearby_feed.TestNearbyDistanceSort" name="test_nearby_returns_distance_field_and_sorted" time="0.611" /><testcase classname="tests.test_nearby_feed.TestNearbyFallback" name="test_fallback_uses_viewer_saved_coords_when_no_lat_lng" time="0.711" /><testcase classname="tests.test_nearby_feed.TestNearbyDistanceSort" name="test_radius_50_excludes_columbus" time="0.106" /><testcase classname="tests.test_nearby_feed.TestNearbyDistanceSort" name="test_radius_150_includes_columbus" time="0.321" /><testcase classname="tests.test_nearby_feed.TestNearbyFallback" name="test_admin_dublin_no_coords_returns_empty" time="0.432" /><testcase classname="tests.test_nearby_feed.TestNearbyEnrichment" name="test_nearby_posts_have_author_and_id" time="0.103" /><testcase classname="tests.test_nearby_feed.TestRadiusChips" name="test_radius_10_vs_150_result_set_shrinks" time="0.198" /></testsuite></testsuites>