<?xml version="1.0" encoding="utf-8"?><testsuites name="pytest tests"><testsuite name="pytest" errors="0" failures="1" skipped="0" tests="21" time="13.213" timestamp="2026-08-14T18:58:18.919976+00:00" hostname="agent-env-4e7a885e-7dcb-44c5-8974-9071f4e90781"><testcase classname="tests.test_iteration3_fixes.TestFollowersFollowing" name="test_followers_endpoint_shape" time="1.122" /><testcase classname="tests.test_iteration3_fixes.TestFollowersFollowing" name="test_following_endpoint_shape" time="0.544" /><testcase classname="tests.test_iteration3_fixes.TestFollowersFollowing" name="test_counts_match_user_endpoint" time="0.659" /><testcase classname="tests.test_iteration3_fixes.TestPrivacy" name="test_new_user_default_private" time="0.517" /><testcase classname="tests.test_iteration3_fixes.TestPrivacy" name="test_private_client_hidden_from_others" time="0.978" /><testcase classname="tests.test_iteration3_fixes.TestPrivacy" name="test_put_me_toggle_public" time="0.581" /><testcase classname="tests.test_iteration3_fixes.TestPrivacy" name="test_professional_is_public" time="0.123" /><testcase classname="tests.test_iteration3_fixes.TestCollectionsMany" name="test_multi_collection_membership" time="2.340" /><testcase classname="tests.test_iteration3_fixes.TestCollectionsMany" name="test_collections_sorted_by_last_used" time="2.388" /><testcase classname="tests.test_iteration3_fixes.TestSaveBehavior" name="test_unsave_removes_from_all_collections" time="1.422" /><testcase classname="tests.test_iteration3_fixes.TestStylesNormalized" name="test_no_duplicate_boho" time="0.620" /><testcase classname="tests.test_iteration3_fixes.TestStylesNormalized" name="test_style_search_sorted_by_usage" time="0.131" /><testcase classname="tests.test_iteration3_fixes.TestStylesNormalized" name="test_new_custom_style_has_metadata" time="0.115" /><testcase classname="tests.test_iteration3_fixes.TestCategories" name="test_no_test_categories_and_8_real" time="0.129" /><testcase classname="tests.test_iteration3_fixes.TestCreatePostCustom" name="test_custom_category_service_and_styles" time="0.531"><failure message="AssertionError: BUG: server should auto-set style_name to style_names[0] when style_name not provided. style_name=None vs expected TESTStyle_650f6e&#10;assert None == 'TESTStyle_650f6e'&#10; +  where None = &lt;built-in method get of dict object at 0xfb0a958e8ac0&gt;('style_name')&#10; +    where &lt;built-in method get of dict object at 0xfb0a958e8ac0&gt; = {'id': '58c711d1-f5d7-47fa-9d32-441f89684a2a', 'author_id': 'ad5c0297-9395-4021-87e6-2959832cf172', 'post_type': 'customer', 'media': [{'url': 'https://example.com/x.jpg', 'type': 'image', 'width': None, 'height': None}], ...}.get">backend/tests/test_iteration3_fixes.py:337: in test_custom_category_service_and_styles
    assert got.get("style_name") == style_name, (
E   AssertionError: BUG: server should auto-set style_name to style_names[0] when style_name not provided. style_name=None vs expected TESTStyle_650f6e
E   assert None == 'TESTStyle_650f6e'
E    +  where None = &lt;built-in method get of dict object at 0xfb0a958e8ac0&gt;('style_name')
E    +    where &lt;built-in method get of dict object at 0xfb0a958e8ac0&gt; = {'id': '58c711d1-f5d7-47fa-9d32-441f89684a2a', 'author_id': 'ad5c0297-9395-4021-87e6-2959832cf172', 'post_type': 'customer', 'media': [{'url': 'https://example.com/x.jpg', 'type': 'image', 'width': None, 'height': None}], ...}.get</failure></testcase><testcase classname="tests.test_iteration3_fixes.TestRegression" name="test_feed_enriched[foryou]" time="0.130" /><testcase classname="tests.test_iteration3_fixes.TestRegression" name="test_feed_enriched[following]" time="0.116" /><testcase classname="tests.test_iteration3_fixes.TestRegression" name="test_feed_enriched[nearby]" time="0.148" /><testcase classname="tests.test_iteration3_fixes.TestRegression" name="test_professional_endpoint" time="0.277" /><testcase classname="tests.test_iteration3_fixes.TestRegression" name="test_search" time="0.117" /><testcase classname="tests.test_iteration3_fixes.TestRegression" name="test_notifications" time="0.136" /></testsuite></testsuites>