<?xml version="1.0" encoding="utf-8"?><testsuites name="pytest tests"><testsuite name="pytest" errors="0" failures="0" skipped="0" tests="20" time="6.259" timestamp="2026-08-14T16:00:41.817298+00:00" hostname="agent-env-4e7a885e-7dcb-44c5-8974-9071f4e90781"><testcase classname="tests.test_iteration2_fixes.TestFeedEnrichment" name="test_feed_has_enriched_fields[foryou]" time="0.778" /><testcase classname="tests.test_iteration2_fixes.TestSearchEnhanced" name="test_search_style_returns_posts" time="0.939" /><testcase classname="tests.test_iteration2_fixes.TestFeedEnrichment" name="test_feed_has_enriched_fields[following]" time="0.209" /><testcase classname="tests.test_iteration2_fixes.TestSearchEnhanced" name="test_search_service_knotless" time="0.153" /><testcase classname="tests.test_iteration2_fixes.TestFeedEnrichment" name="test_feed_has_enriched_fields[nearby]" time="0.146" /><testcase classname="tests.test_iteration2_fixes.TestSearchEnhanced" name="test_search_category_hair_returns_posts" time="0.396" /><testcase classname="tests.test_iteration2_fixes.TestFeedEnrichment" name="test_liked_reflects_in_feed" time="0.774" /><testcase classname="tests.test_iteration2_fixes.TestSearchEnhanced" name="test_search_username" time="0.155" /><testcase classname="tests.test_iteration2_fixes.TestSearchEnhanced" name="test_search_user_finds_own_post_by_style" time="0.904" /><testcase classname="tests.test_iteration2_fixes.TestFeedEnrichment" name="test_saved_reflects_in_feed" time="0.819" /><testcase classname="tests.test_iteration2_fixes.TestFileServing" name="test_upload_and_stream" time="0.664" /><testcase classname="tests.test_iteration2_fixes.TestListEnrichment" name="test_saved_enriched" time="0.735" /><testcase classname="tests.test_iteration2_fixes.TestFileServing" name="test_file_bad_path_404" time="0.621" /><testcase classname="tests.test_iteration2_fixes.TestListEnrichment" name="test_collection_posts_enriched" time="1.012" /><testcase classname="tests.test_iteration2_fixes.TestProfessionalSelf" name="test_get_pro_by_id" time="0.645" /><testcase classname="tests.test_iteration2_fixes.TestProfessionalSelf" name="test_put_pro_me_updates_services" time="0.846" /><testcase classname="tests.test_iteration2_fixes.TestListEnrichment" name="test_user_posts_enriched" time="0.291" /><testcase classname="tests.test_iteration2_fixes.TestListEnrichment" name="test_pro_posts_enriched" time="0.677" /><testcase classname="tests.test_iteration2_fixes.TestProfileEndpoints" name="test_me_and_users" time="0.196" /><testcase classname="tests.test_iteration2_fixes.TestProfileEndpoints" name="test_post_detail_video_support" time="0.422" /></testsuite></testsuites>