<?xml version="1.0" encoding="utf-8"?><testsuites name="pytest tests"><testsuite name="pytest" errors="0" failures="1" skipped="0" tests="55" time="50.365" timestamp="2026-08-14T16:02:14.832080+00:00" hostname="agent-env-4e7a885e-7dcb-44c5-8974-9071f4e90781"><testcase classname="tests.backend_test.TestAuth" name="test_login_all_seeded" time="2.313" /><testcase classname="tests.backend_test.TestProfessional" name="test_pro_me" time="1.005" /><testcase classname="tests.backend_test.TestProfessional" name="test_get_pro_by_username" time="0.186" /><testcase classname="tests.backend_test.TestProfessional" name="test_pro_posts" time="0.332" /><testcase classname="tests.backend_test.TestProfessional" name="test_pro_analytics" time="0.153" /><testcase classname="tests.backend_test.TestProfessional" name="test_customer_cannot_get_pro_me" time="0.517" /><testcase classname="tests.backend_test.TestProfessional" name="test_onboard_new_pro" time="0.709" /><testcase classname="tests.backend_test.TestAuth" name="test_login_bad_password" time="0.453" /><testcase classname="tests.backend_test.TestAuth" name="test_register_and_me" time="0.710" /><testcase classname="tests.test_iteration2_fixes.TestSearchEnhanced" name="test_search_style_returns_posts" time="0.573" /><testcase classname="tests.backend_test.TestAuth" name="test_me_requires_auth" time="0.110" /><testcase classname="tests.test_iteration2_fixes.TestSearchEnhanced" name="test_search_service_knotless" time="0.155" /><testcase classname="tests.test_iteration2_fixes.TestSearchEnhanced" name="test_search_category_hair_returns_posts" time="0.507" /><testcase classname="tests.backend_test.TestAuth" name="test_update_profile" time="0.472" /><testcase classname="tests.test_iteration2_fixes.TestSearchEnhanced" name="test_search_username" time="0.290" /><testcase classname="tests.test_iteration2_fixes.TestFeedEnrichment" name="test_feed_has_enriched_fields[foryou]" time="0.533" /><testcase classname="tests.test_iteration2_fixes.TestSearchEnhanced" name="test_search_user_finds_own_post_by_style" time="0.918" /><testcase classname="tests.test_iteration2_fixes.TestFeedEnrichment" name="test_feed_has_enriched_fields[following]" time="0.165" /><testcase classname="tests.test_iteration2_fixes.TestFeedEnrichment" name="test_feed_has_enriched_fields[nearby]" time="0.136" /><testcase classname="tests.test_iteration2_fixes.TestFeedEnrichment" name="test_liked_reflects_in_feed" time="0.577"><failure message="assert 404 == 200&#10; +  where 404 = &lt;Response [404]&gt;.status_code">backend/tests/test_iteration2_fixes.py:148: in test_liked_reflects_in_feed
    assert r.status_code == 200
E   assert 404 == 200
E    +  where 404 = &lt;Response [404]&gt;.status_code</failure></testcase><testcase classname="tests.backend_test.TestCatalog" name="test_categories" time="3.187" /><testcase classname="tests.test_iteration2_fixes.TestFeedEnrichment" name="test_saved_reflects_in_feed" time="6.930" /><testcase classname="tests.backend_test.TestCatalog" name="test_services" time="0.144" /><testcase classname="tests.backend_test.TestCatalog" name="test_services_by_category" time="0.292" /><testcase classname="tests.backend_test.TestCatalog" name="test_styles" time="0.128" /><testcase classname="tests.backend_test.TestAdmin" name="test_admin_stats" time="0.418" /><testcase classname="tests.backend_test.TestAdmin" name="test_non_admin_403" time="0.581" /><testcase classname="tests.backend_test.TestAdmin" name="test_admin_verifications" time="0.193" /><testcase classname="tests.backend_test.TestAdmin" name="test_admin_create_category" time="0.124" /><testcase classname="tests.test_iteration2_fixes.TestListEnrichment" name="test_saved_enriched" time="0.943" /><testcase classname="tests.test_iteration2_fixes.TestListEnrichment" name="test_collection_posts_enriched" time="1.119" /><testcase classname="tests.backend_test.TestFeed" name="test_foryou_feed" time="0.147" /><testcase classname="tests.backend_test.TestFeed" name="test_following_feed" time="0.119" /><testcase classname="tests.test_iteration2_fixes.TestListEnrichment" name="test_user_posts_enriched" time="0.287" /><testcase classname="tests.backend_test.TestFeed" name="test_nearby_feed" time="0.171" /><testcase classname="tests.backend_test.TestFeed" name="test_post_detail_increments_view" time="0.817" /><testcase classname="tests.test_iteration2_fixes.TestListEnrichment" name="test_pro_posts_enriched" time="0.662" /><testcase classname="tests.backend_test.TestInteractions" name="test_like_unlike" time="1.367" /><testcase classname="tests.backend_test.TestFindPro" name="test_ranking" time="0.273" /><testcase classname="tests.backend_test.TestFindPro" name="test_pro_search" time="0.122" /><testcase classname="tests.backend_test.TestReports" name="test_create_report" time="0.279" /><testcase classname="tests.backend_test.TestReports" name="test_booking_click" time="0.272" /><testcase classname="tests.backend_test.TestInteractions" name="test_comment_and_reply" time="0.685" /><testcase classname="tests.test_iteration2_fixes.TestFileServing" name="test_upload_and_stream" time="1.150" /><testcase classname="tests.backend_test.TestInteractions" name="test_save_unsave" time="0.744" /><testcase classname="tests.test_iteration2_fixes.TestFileServing" name="test_file_bad_path_404" time="0.590" /><testcase classname="tests.test_iteration2_fixes.TestProfileEndpoints" name="test_me_and_users" time="0.693" /><testcase classname="tests.test_iteration2_fixes.TestProfessionalSelf" name="test_get_pro_by_id" time="0.697" /><testcase classname="tests.test_iteration2_fixes.TestProfileEndpoints" name="test_post_detail_video_support" time="0.504" /><testcase classname="tests.test_iteration2_fixes.TestProfessionalSelf" name="test_put_pro_me_updates_services" time="0.543" /><testcase classname="tests.backend_test.TestFollows" name="test_follow_unfollow" time="0.838" /><testcase classname="tests.backend_test.TestTagFlow" name="test_tag_flow" time="31.776" /><testcase classname="tests.backend_test.TestCollections" name="test_collection_crud" time="31.035" /><testcase classname="tests.backend_test.TestSearch" name="test_search" time="0.219" /><testcase classname="tests.backend_test.TestNotifications" name="test_notifications" time="0.698" /></testsuite></testsuites>