<?xml version="1.0" encoding="utf-8"?><testsuites name="pytest tests"><testsuite name="pytest" errors="0" failures="0" skipped="0" tests="35" time="51.535" timestamp="2026-08-14T01:35:51.111979+00:00" hostname="agent-env-4e7a885e-7dcb-44c5-8974-9071f4e90781"><testcase classname="tests.backend_test.TestAuth" name="test_login_all_seeded" time="1.701" /><testcase classname="tests.backend_test.TestProfessional" name="test_pro_me" time="1.014" /><testcase classname="tests.backend_test.TestProfessional" name="test_get_pro_by_username" time="0.329" /><testcase classname="tests.backend_test.TestProfessional" name="test_pro_posts" time="0.359" /><testcase classname="tests.backend_test.TestAuth" name="test_login_bad_password" time="0.344" /><testcase classname="tests.backend_test.TestProfessional" name="test_pro_analytics" time="0.323" /><testcase classname="tests.backend_test.TestAuth" name="test_register_and_me" time="0.864" /><testcase classname="tests.backend_test.TestProfessional" name="test_customer_cannot_get_pro_me" time="0.501" /><testcase classname="tests.backend_test.TestProfessional" name="test_onboard_new_pro" time="0.590" /><testcase classname="tests.backend_test.TestAuth" name="test_me_requires_auth" time="0.124" /><testcase classname="tests.backend_test.TestCatalog" name="test_categories" time="0.243" /><testcase classname="tests.backend_test.TestAuth" name="test_update_profile" time="0.449" /><testcase classname="tests.backend_test.TestCatalog" name="test_services" time="0.127" /><testcase classname="tests.backend_test.TestFeed" name="test_foryou_feed" time="0.163" /><testcase classname="tests.backend_test.TestCatalog" name="test_services_by_category" time="0.243" /><testcase classname="tests.backend_test.TestFeed" name="test_following_feed" time="0.144" /><testcase classname="tests.backend_test.TestCatalog" name="test_styles" time="0.171" /><testcase classname="tests.backend_test.TestFeed" name="test_nearby_feed" time="0.153" /><testcase classname="tests.backend_test.TestFeed" name="test_post_detail_increments_view" time="0.615" /><testcase classname="tests.backend_test.TestAdmin" name="test_admin_stats" time="0.438" /><testcase classname="tests.backend_test.TestAdmin" name="test_non_admin_403" time="0.575" /><testcase classname="tests.backend_test.TestInteractions" name="test_like_unlike" time="0.451" /><testcase classname="tests.backend_test.TestAdmin" name="test_admin_verifications" time="0.137" /><testcase classname="tests.backend_test.TestInteractions" name="test_comment_and_reply" time="0.505" /><testcase classname="tests.backend_test.TestAdmin" name="test_admin_create_category" time="0.199" /><testcase classname="tests.backend_test.TestFindPro" name="test_ranking" time="0.267" /><testcase classname="tests.backend_test.TestInteractions" name="test_save_unsave" time="0.620" /><testcase classname="tests.backend_test.TestFindPro" name="test_pro_search" time="0.120" /><testcase classname="tests.backend_test.TestFollows" name="test_follow_unfollow" time="0.686" /><testcase classname="tests.backend_test.TestReports" name="test_create_report" time="0.512" /><testcase classname="tests.backend_test.TestTagFlow" name="test_tag_flow" time="42.688" /><testcase classname="tests.backend_test.TestReports" name="test_booking_click" time="30.265" /><testcase classname="tests.backend_test.TestSearch" name="test_search" time="7.408" /><testcase classname="tests.backend_test.TestCollections" name="test_collection_crud" time="0.762" /><testcase classname="tests.backend_test.TestNotifications" name="test_notifications" time="1.385" /></testsuite></testsuites>