<?xml version="1.0" encoding="utf-8"?><testsuites name="pytest tests"><testsuite name="pytest" errors="0" failures="1" skipped="0" tests="35" time="58.728" timestamp="2026-08-14T16:00:53.471623+00:00" hostname="agent-env-4e7a885e-7dcb-44c5-8974-9071f4e90781"><testcase classname="tests.backend_test.TestAuth" name="test_login_all_seeded" time="0.615"><failure message="KeyError: 'email'">backend/tests/backend_test.py:61: in test_login_all_seeded
    assert "access_token" in d and d["user"]["email"] == email
                                   ^^^^^^^^^^^^^^^^^^
E   KeyError: 'email'</failure></testcase><testcase classname="tests.backend_test.TestProfessional" name="test_pro_me" time="0.593" /><testcase classname="tests.backend_test.TestProfessional" name="test_get_pro_by_username" time="0.169" /><testcase classname="tests.backend_test.TestAuth" name="test_login_bad_password" time="0.367" /><testcase classname="tests.backend_test.TestProfessional" name="test_pro_posts" time="0.217" /><testcase classname="tests.backend_test.TestProfessional" name="test_pro_analytics" time="0.144" /><testcase classname="tests.backend_test.TestAuth" name="test_register_and_me" time="0.805" /><testcase classname="tests.backend_test.TestProfessional" name="test_customer_cannot_get_pro_me" time="0.633" /><testcase classname="tests.backend_test.TestProfessional" name="test_onboard_new_pro" time="0.729" /><testcase classname="tests.backend_test.TestAuth" name="test_me_requires_auth" time="0.298" /><testcase classname="tests.backend_test.TestCatalog" name="test_categories" time="0.110" /><testcase classname="tests.backend_test.TestAuth" name="test_update_profile" time="0.593" /><testcase classname="tests.backend_test.TestCatalog" name="test_services" time="0.129" /><testcase classname="tests.backend_test.TestFeed" name="test_foryou_feed" time="0.140" /><testcase classname="tests.backend_test.TestCatalog" name="test_services_by_category" time="0.333" /><testcase classname="tests.backend_test.TestFeed" name="test_following_feed" time="0.139" /><testcase classname="tests.backend_test.TestFeed" name="test_nearby_feed" time="0.140" /><testcase classname="tests.backend_test.TestCatalog" name="test_styles" time="0.168" /><testcase classname="tests.backend_test.TestFeed" name="test_post_detail_increments_view" time="1.124" /><testcase classname="tests.backend_test.TestAdmin" name="test_admin_stats" time="0.415" /><testcase classname="tests.backend_test.TestAdmin" name="test_non_admin_403" time="0.582" /><testcase classname="tests.backend_test.TestAdmin" name="test_admin_verifications" time="0.130" /><testcase classname="tests.backend_test.TestInteractions" name="test_like_unlike" time="0.763" /><testcase classname="tests.backend_test.TestAdmin" name="test_admin_create_category" time="0.161" /><testcase classname="tests.backend_test.TestFindPro" name="test_ranking" time="0.269" /><testcase classname="tests.backend_test.TestFindPro" name="test_pro_search" time="0.119" /><testcase classname="tests.backend_test.TestReports" name="test_create_report" time="0.278" /><testcase classname="tests.backend_test.TestInteractions" name="test_comment_and_reply" time="0.641" /><testcase classname="tests.backend_test.TestReports" name="test_booking_click" time="0.280" /><testcase classname="tests.backend_test.TestFollows" name="test_follow_unfollow" time="0.733" /><testcase classname="tests.backend_test.TestInteractions" name="test_save_unsave" time="0.743" /><testcase classname="tests.backend_test.TestCollections" name="test_collection_crud" time="1.159" /><testcase classname="tests.backend_test.TestTagFlow" name="test_tag_flow" time="1.610" /><testcase classname="tests.backend_test.TestSearch" name="test_search" time="0.300" /><testcase classname="tests.backend_test.TestNotifications" name="test_notifications" time="50.373" /></testsuite></testsuites>